<?xml version="1.0" encoding="UTF-8"?>
<testng-results skipped="0" failed="0" total="1" passed="1">
  <reporter-output>
  </reporter-output>
  <suite name="Default suite" duration-ms="20" started-at="2018-06-05T16:58:36Z" finished-at="2018-06-05T16:58:36Z">
    <groups>
    </groups>
    <test name="Default test" duration-ms="20" started-at="2018-06-05T16:58:36Z" finished-at="2018-06-05T16:58:36Z">
      <class name="com.travelsite.selenium.DemoMavenJava">
        <test-method status="PASS" signature="TestHello()[pri:0, instance:com.travelsite.selenium.DemoMavenJava@5f375618]" name="TestHello" duration-ms="8" started-at="2018-06-05T22:28:36Z" finished-at="2018-06-05T22:28:36Z">
          <reporter-output>
          </reporter-output>
        </test-method> <!-- TestHello -->
      </class> <!-- com.travelsite.selenium.DemoMavenJava -->
    </test> <!-- Default test -->
  </suite> <!-- Default suite -->
</testng-results>
